
/dev/rdisk12s1: fsck_apfs started at Wed Oct  8 17:48:31 2025
/dev/rdisk12s1: ** Checking the container superblock.
/dev/rdisk12s1:    Checking the checkpoint with transaction ID 10943284.
/dev/rdisk12s1: ** Checking the object map.
/dev/rdisk12s1: ** Checking volume /dev/rdisk12s1.
/dev/rdisk12s1: ** Checking the APFS volume superblock.
/dev/rdisk12s1:    The volume BACKUP was formatted by diskmanagementd (2142.61.2) and last modified by apfs_kext (2632.0.84).
/dev/rdisk12s1: ** QUICKCHECK ONLY; FILESYSTEM CLEAN
/dev/rdisk12s1: fsck_apfs completed at Wed Oct  8 17:48:31 2025


/dev/rdisk12s2: fsck_apfs started at Wed Oct  8 17:48:31 2025
/dev/rdisk12s2: ** Checking the container superblock.
/dev/rdisk12s2:    Checking the checkpoint with transaction ID 10943284.
/dev/rdisk12s2: ** Checking the object map.
/dev/rdisk12s2: ** Checking volume /dev/rdisk12s2.
/dev/rdisk12s2: ** Checking the APFS volume superblock.
/dev/rdisk12s2:    The volume Backups was formatted by storagekitd (2235.60.6) and last modified by apfs_kext (2632.0.84).
/dev/rdisk12s2: ** QUICKCHECK ONLY; FILESYSTEM CLEAN
/dev/rdisk12s2: fsck_apfs completed at Wed Oct  8 17:48:31 2025


/dev/rdisk12s2: fsck_apfs started at Wed Oct  8 17:48:51 2025
/dev/rdisk12s2: ** QUICKCHECK ONLY; FILESYSTEM CLEAN
/dev/rdisk12s2: fsck_apfs completed at Wed Oct  8 17:48:51 2025


/dev/rdisk14s1: fsck_apfs started at Wed Oct  8 17:51:43 2025
/dev/rdisk14s1: ** Checking the container superblock.
/dev/rdisk14s1:    Checking the checkpoint with transaction ID 25358.
/dev/rdisk14s1: ** Checking the object map.
/dev/rdisk14s1: ** Checking volume /dev/rdisk14s1.
/dev/rdisk14s1: ** Checking the APFS volume superblock.
/dev/rdisk14s1:    The volume Backups of Loc’s MacBook Air was formatted by newfs_apfs (2632.0.84) and last modified by apfs_kext (2632.0.84).
/dev/rdisk14s1: ** QUICKCHECK ONLY; FILESYSTEM CLEAN
/dev/rdisk14s1: fsck_apfs completed at Wed Oct  8 17:51:43 2025


/dev/rdisk14s1: fsck_apfs started at Wed Oct  8 17:51:43 2025
/dev/rdisk14s1: ** Checking the container superblock.
/dev/rdisk14s1:    Checking the checkpoint with transaction ID 25358.
/dev/rdisk14s1: ** Checking the object map.
/dev/rdisk14s1: ** Checking volume /dev/rdisk14s1.
/dev/rdisk14s1: ** Checking the APFS volume superblock.
/dev/rdisk14s1:    The volume Backups of Loc’s MacBook Air was formatted by newfs_apfs (2632.0.84) and last modified by apfs_kext (2632.0.84).
/dev/rdisk14s1: ** QUICKCHECK ONLY; FILESYSTEM CLEAN
/dev/rdisk14s1: fsck_apfs completed at Wed Oct  8 17:51:44 2025


/dev/rdisk14s1: fsck_apfs started at Wed Oct  8 17:51:44 2025
/dev/rdisk14s1: ** Checking the container superblock.
/dev/rdisk14s1:    Checking the checkpoint with transaction ID 25358.
/dev/rdisk14s1: ** Checking the object map.
/dev/rdisk14s1: ** Checking volume /dev/rdisk14s1.
/dev/rdisk14s1: ** Checking the APFS volume superblock.
/dev/rdisk14s1:    The volume Backups of Loc’s MacBook Air was formatted by newfs_apfs (2632.0.84) and last modified by apfs_kext (2632.0.84).
/dev/rdisk14s1: ** QUICKCHECK ONLY; FILESYSTEM CLEAN
/dev/rdisk14s1: fsck_apfs completed at Wed Oct  8 17:51:44 2025


/dev/rdisk11s1: fsck_apfs started at Thu Oct  9 01:09:20 2025
/dev/rdisk11s1: ** Checking the container superblock.
/dev/rdisk11s1:    Checking the checkpoint with transaction ID 612115.
/dev/rdisk11s1: ** Checking the object map.
/dev/rdisk11s1: ** Checking volume /dev/rdisk11s1.
/dev/rdisk11s1: ** Checking the APFS volume superblock.
/dev/rdisk11s1:    The volume Untitled was formatted by diskmanagementd (1412.141.1) and last modified by apfs_kext (2632.0.84).
/dev/rdisk11s1: ** QUICKCHECK ONLY; FILESYSTEM CLEAN
/dev/rdisk11s1: fsck_apfs completed at Thu Oct  9 01:09:20 2025


/dev/rdisk11s2: fsck_apfs started at Thu Oct  9 01:10:28 2025
/dev/rdisk11s2: ** Checking the container superblock.
/dev/rdisk11s2:    Checking the checkpoint with transaction ID 10943854.
/dev/rdisk11s2: ** Checking the object map.
/dev/rdisk11s2: ** Checking volume /dev/rdisk11s2.
/dev/rdisk11s2: ** Checking the APFS volume superblock.
/dev/rdisk11s2:    The volume Backups was formatted by storagekitd (2235.60.6) and last modified by apfs_kext (2632.0.84).
/dev/rdisk11s2: ** QUICKCHECK ONLY; FILESYSTEM CLEAN
/dev/rdisk11s2: fsck_apfs completed at Thu Oct  9 01:10:29 2025


/dev/rdisk11s1: fsck_apfs started at Thu Oct  9 01:10:29 2025
/dev/rdisk11s1: ** Checking the container superblock.
/dev/rdisk11s1:    Checking the checkpoint with transaction ID 10943854.
/dev/rdisk11s1: ** Checking the object map.
/dev/rdisk11s1: ** Checking volume /dev/rdisk11s1.
/dev/rdisk11s1: ** Checking the APFS volume superblock.
/dev/rdisk11s1:    The volume BACKUP was formatted by diskmanagementd (2142.61.2) and last modified by apfs_kext (2632.0.84).
/dev/rdisk11s1: ** QUICKCHECK ONLY; FILESYSTEM CLEAN
/dev/rdisk11s1: fsck_apfs completed at Thu Oct  9 01:10:29 2025


/dev/rdisk11s2: fsck_apfs started at Thu Oct  9 01:12:52 2025
/dev/rdisk11s2: ** QUICKCHECK ONLY; FILESYSTEM CLEAN
/dev/rdisk11s2: fsck_apfs completed at Thu Oct  9 01:12:52 2025


/dev/rdisk7s1: fsck_apfs started at Thu Oct  9 04:56:08 2025
/dev/rdisk7s1: ** Checking the container superblock.
/dev/rdisk7s1:    Checking the checkpoint with transaction ID 57.
/dev/rdisk7s1: ** Checking the object map.
/dev/rdisk7s1: ** Checking volume /dev/rdisk7s1.
/dev/rdisk7s1: ** Checking the APFS volume superblock.
/dev/rdisk7s1:    The volume AnythingLLM 1.8.5-r2-arm64 was formatted by newfs_apfs (2236.101.1) and last modified by apfs_kext (2236.101.1).
/dev/rdisk7s1: ** QUICKCHECK ONLY; FILESYSTEM CLEAN
/dev/rdisk7s1: fsck_apfs completed at Thu Oct  9 04:56:08 2025


/dev/rdisk11s1: fsck_apfs started at Thu Oct  9 05:28:36 2025
/dev/rdisk11s1: ** Checking the container superblock.
/dev/rdisk11s1:    Checking the checkpoint with transaction ID 5.
/dev/rdisk11s1: ** Checking the object map.
/dev/rdisk11s1: ** Checking volume /dev/rdisk11s1.
/dev/rdisk11s1: ** Checking the APFS volume superblock.
/dev/rdisk11s1:    The volume Zed was formatted by newfs_apfs (2332.120.31.0.2) and last modified by apfs_kext (2332.120.31.0.2).
/dev/rdisk11s1: ** QUICKCHECK ONLY; FILESYSTEM CLEAN
/dev/rdisk11s1: fsck_apfs completed at Thu Oct  9 05:28:36 2025


/dev/rdisk11s1: fsck_apfs started at Thu Oct  9 05:28:36 2025
/dev/rdisk11s1: ** Checking the container superblock.
/dev/rdisk11s1:    Checking the checkpoint with transaction ID 5.
/dev/rdisk11s1: ** Checking the object map.
/dev/rdisk11s1: ** Checking volume /dev/rdisk11s1.
/dev/rdisk11s1: ** Checking the APFS volume superblock.
/dev/rdisk11s1:    The volume Zed was formatted by newfs_apfs (2332.120.31.0.2) and last modified by apfs_kext (2332.120.31.0.2).
/dev/rdisk11s1: ** QUICKCHECK ONLY; FILESYSTEM CLEAN
/dev/rdisk11s1: fsck_apfs completed at Thu Oct  9 05:28:36 2025


/dev/rdisk11s1: fsck_apfs started at Thu Oct  9 05:29:19 2025
/dev/rdisk11s1: ** Checking the container superblock.
/dev/rdisk11s1:    Checking the checkpoint with transaction ID 444.
/dev/rdisk11s1: ** Checking the object map.
/dev/rdisk11s1: ** Checking volume /dev/rdisk11s1.
/dev/rdisk11s1: ** Checking the APFS volume superblock.
/dev/rdisk11s1:    The volume iOS 18.6 Simulator was formatted by newfs_apfs (2142.41.2.100.2) and last modified by apfs_sealvolume (2332.140.13).
/dev/rdisk11s1: ** QUICKCHECK ONLY; FILESYSTEM CLEAN
/dev/rdisk11s1: fsck_apfs completed at Thu Oct  9 05:29:19 2025


/dev/rdisk13s1: fsck_apfs started at Thu Oct  9 05:29:59 2025
/dev/rdisk13s1: ** Checking the container superblock.
/dev/rdisk13s1:    Checking the checkpoint with transaction ID 13.
/dev/rdisk13s1: ** Checking the object map.
/dev/rdisk13s1: ** Checking volume /dev/rdisk13s1.
/dev/rdisk13s1: ** Checking the APFS volume superblock.
/dev/rdisk13s1:    The volume MetalToolchainCryptex was formatted by newfs_apfs (2142.41.2.100.2) and last modified by apfs_sealvolume (2632.0.62.0.1).
/dev/rdisk13s1: ** QUICKCHECK ONLY; FILESYSTEM CLEAN
/dev/rdisk13s1: fsck_apfs completed at Thu Oct  9 05:29:59 2025


/dev/rdisk2s1: fsck_apfs started at Thu Oct  9 06:52:37 2025

/dev/rdisk1s1: fsck_apfs started at Thu Oct  9 06:52:37 2025

/dev/rdisk3s1: fsck_apfs started at Thu Oct  9 06:52:37 2025
/dev/rdisk1s1: error: container /dev/rdisk1 is mounted with write access; please re-run with -l.
/dev/rdisk1s1: fsck_apfs completed at Thu Oct  9 06:52:37 2025

/dev/rdisk3s1: ** QUICKCHECK ONLY; FILESYSTEM CLEAN
/dev/rdisk3s1: fsck_apfs completed at Thu Oct  9 06:52:37 2025

/dev/rdisk2s1: ** Checking the container superblock.
/dev/rdisk2s1:    Checking the checkpoint with transaction ID 17.
/dev/rdisk2s1: ** Checking the object map.
/dev/rdisk2s1: ** Checking volume /dev/rdisk2s1.
/dev/rdisk2s1: ** Checking the APFS volume superblock.
/dev/rdisk2s1:    The volume Recovery was formatted by newfs_apfs (2332.120.31.0.2) and last modified by apfs_kext (2332.120.31.0.2).
/dev/rdisk2s1: ** QUICKCHECK ONLY; FILESYSTEM CLEAN
/dev/rdisk2s1: fsck_apfs completed at Thu Oct  9 06:52:37 2025


/dev/rdisk1s2: fsck_apfs started at Thu Oct  9 06:52:37 2025

/dev/rdisk3s2: fsck_apfs started at Thu Oct  9 06:52:37 2025
/dev/rdisk1s2: error: container /dev/rdisk1 is mounted with write access; please re-run with -l.
/dev/rdisk1s2: fsck_apfs completed at Thu Oct  9 06:52:37 2025

/dev/rdisk3s2: error: container /dev/rdisk3 is mounted with write access; please re-run with -l.
/dev/rdisk3s2: fsck_apfs completed at Thu Oct  9 06:52:37 2025


/dev/rdisk2s2: fsck_apfs started at Thu Oct  9 06:52:37 2025
/dev/rdisk2s2: ** Checking the container superblock.
/dev/rdisk2s2:    Checking the checkpoint with transaction ID 17.
/dev/rdisk2s2: ** Checking the object map.
/dev/rdisk2s2: ** Checking volume /dev/rdisk2s2.
/dev/rdisk2s2: ** Checking the APFS volume superblock.
/dev/rdisk2s2:    The volume Update was formatted by com.apple.Mob (2332.120.31.0.2) and last modified by apfs_kext (2332.120.31.0.2).
/dev/rdisk2s2: ** QUICKCHECK ONLY; FILESYSTEM CLEAN
/dev/rdisk2s2: fsck_apfs completed at Thu Oct  9 06:52:37 2025


/dev/rdisk1s3: fsck_apfs started at Thu Oct  9 06:52:37 2025
/dev/rdisk1s3: error: container /dev/rdisk1 is mounted with write access; please re-run with -l.
/dev/rdisk1s3: fsck_apfs completed at Thu Oct  9 06:52:37 2025


/dev/rdisk3s3: fsck_apfs started at Thu Oct  9 06:52:37 2025
/dev/rdisk3s3: ** QUICKCHECK ONLY; FILESYSTEM CLEAN
/dev/rdisk3s3: fsck_apfs completed at Thu Oct  9 06:52:37 2025


/dev/rdisk1s4: fsck_apfs started at Thu Oct  9 06:52:37 2025
/dev/rdisk1s4: ** QUICKCHECK ONLY; FILESYSTEM CLEAN
/dev/rdisk1s4: fsck_apfs completed at Thu Oct  9 06:52:37 2025


/dev/rdisk3s4: fsck_apfs started at Thu Oct  9 06:52:37 2025
/dev/rdisk3s4: error: container /dev/rdisk3 is mounted with write access; please re-run with -l.
/dev/rdisk3s4: fsck_apfs completed at Thu Oct  9 06:52:37 2025


/dev/rdisk3s6: fsck_apfs started at Thu Oct  9 06:52:37 2025
/dev/rdisk3s6: error: container /dev/rdisk3 is mounted with write access; please re-run with -l.
/dev/rdisk3s6: fsck_apfs completed at Thu Oct  9 06:52:37 2025


/dev/rdisk3s5: fsck_apfs started at Thu Oct  9 06:52:37 2025
/dev/rdisk3s5: error: container /dev/rdisk3 is mounted with write access; please re-run with -l.
/dev/rdisk3s5: fsck_apfs completed at Thu Oct  9 06:52:37 2025


/dev/rdisk3s1s1: fsck_apfs started at Thu Oct  9 06:52:37 2025
/dev/rdisk3s1s1: ** QUICKCHECK ONLY; FILESYSTEM CLEAN
/dev/rdisk3s1s1: fsck_apfs completed at Thu Oct  9 06:52:37 2025


/dev/rdisk3s3: fsck_apfs started at Thu Oct  9 06:54:42 2025
/dev/rdisk3s3: ** QUICKCHECK ONLY; FILESYSTEM CLEAN
/dev/rdisk3s3: fsck_apfs completed at Thu Oct  9 06:54:42 2025


/dev/rdisk5s1: fsck_apfs started at Thu Oct  9 07:13:06 2025
/dev/rdisk5s1: ** Checking the container superblock.
/dev/rdisk5s1:    Checking the checkpoint with transaction ID 10943912.
/dev/rdisk5s1: ** Checking the object map.
/dev/rdisk5s1: ** Checking volume /dev/rdisk5s1.
/dev/rdisk5s1: ** Checking the APFS volume superblock.
/dev/rdisk5s1:    The volume BACKUP was formatted by diskmanagementd (2142.61.2) and last modified by apfs_kext (2632.0.84).
/dev/rdisk5s1: ** QUICKCHECK ONLY; FILESYSTEM CLEAN
/dev/rdisk5s1: fsck_apfs completed at Thu Oct  9 07:13:06 2025


/dev/rdisk5s2: fsck_apfs started at Thu Oct  9 07:13:06 2025
/dev/rdisk5s2: ** Checking the container superblock.
/dev/rdisk5s2:    Checking the checkpoint with transaction ID 10943912.
/dev/rdisk5s2: ** Checking the object map.
/dev/rdisk5s2: ** Checking volume /dev/rdisk5s2.
/dev/rdisk5s2: ** Checking the APFS volume superblock.
/dev/rdisk5s2:    The volume Backups was formatted by storagekitd (2235.60.6) and last modified by apfs_kext (2632.0.84).
/dev/rdisk5s2: ** QUICKCHECK ONLY; FILESYSTEM CLEAN
/dev/rdisk5s2: fsck_apfs completed at Thu Oct  9 07:13:06 2025


/dev/rdisk5s2: fsck_apfs started at Thu Oct  9 07:16:30 2025
/dev/rdisk5s2: ** QUICKCHECK ONLY; FILESYSTEM CLEAN
/dev/rdisk5s2: fsck_apfs completed at Thu Oct  9 07:16:30 2025


/dev/rdisk7s1: fsck_apfs started at Thu Oct  9 13:03:46 2025
/dev/rdisk7s1: ** Checking the container superblock.
/dev/rdisk7s1:    Checking the checkpoint with transaction ID 5.
/dev/rdisk7s1: ** Checking the object map.
/dev/rdisk7s1: ** Checking volume /dev/rdisk7s1.
/dev/rdisk7s1: ** Checking the APFS volume superblock.
/dev/rdisk7s1:    The volume Zed was formatted by newfs_apfs (2332.120.31.0.2) and last modified by apfs_kext (2332.120.31.0.2).
/dev/rdisk7s1: ** QUICKCHECK ONLY; FILESYSTEM CLEAN
/dev/rdisk7s1: fsck_apfs completed at Thu Oct  9 13:03:46 2025


/dev/rdisk7s1: fsck_apfs started at Thu Oct  9 13:03:46 2025
/dev/rdisk7s1: ** Checking the container superblock.
/dev/rdisk7s1:    Checking the checkpoint with transaction ID 5.
/dev/rdisk7s1: ** Checking the object map.
/dev/rdisk7s1: ** Checking volume /dev/rdisk7s1.
/dev/rdisk7s1: ** Checking the APFS volume superblock.
/dev/rdisk7s1:    The volume Zed was formatted by newfs_apfs (2332.120.31.0.2) and last modified by apfs_kext (2332.120.31.0.2).
/dev/rdisk7s1: ** QUICKCHECK ONLY; FILESYSTEM CLEAN
/dev/rdisk7s1: fsck_apfs completed at Thu Oct  9 13:03:46 2025


/dev/rdisk7s1: fsck_apfs started at Thu Oct  9 14:11:53 2025
/dev/rdisk7s1: ** Checking the container superblock.
/dev/rdisk7s1:    Checking the checkpoint with transaction ID 480.
/dev/rdisk7s1: ** Checking the object map.
/dev/rdisk7s1: ** Checking volume /dev/rdisk7s1.
/dev/rdisk7s1: ** Checking the APFS volume superblock.
/dev/rdisk7s1:    The volume iOS 26.0 Simulator was formatted by newfs_apfs (2142.41.2.100.2) and last modified by apfs_sealvolume (2632.2.1).
/dev/rdisk7s1: ** QUICKCHECK ONLY; FILESYSTEM CLEAN
/dev/rdisk7s1: fsck_apfs completed at Thu Oct  9 14:11:53 2025


/dev/rdisk9s1: fsck_apfs started at Thu Oct  9 14:11:56 2025
/dev/rdisk9s1: ** Checking the container superblock.
/dev/rdisk9s1:    Checking the checkpoint with transaction ID 13.
/dev/rdisk9s1: ** Checking the object map.
/dev/rdisk9s1: ** Checking volume /dev/rdisk9s1.
/dev/rdisk9s1: ** Checking the APFS volume superblock.
/dev/rdisk9s1:    The volume MetalToolchainCryptex was formatted by newfs_apfs (2142.41.2.100.2) and last modified by apfs_sealvolume (2632.0.62.0.1).
/dev/rdisk9s1: ** QUICKCHECK ONLY; FILESYSTEM CLEAN
/dev/rdisk9s1: fsck_apfs completed at Thu Oct  9 14:11:56 2025


/dev/rdisk5s1: fsck_apfs started at Sat Oct 11 03:09:23 2025
/dev/rdisk5s1: ** Checking the container superblock.
/dev/rdisk5s1:    Checking the checkpoint with transaction ID 11183397.
/dev/rdisk5s1: ** Checking the object map.
/dev/rdisk5s1: ** Checking volume /dev/rdisk5s1.
/dev/rdisk5s1: ** Checking the APFS volume superblock.
/dev/rdisk5s1:    The volume BACKUP was formatted by diskmanagementd (2142.61.2) and last modified by apfs_kext (2632.0.84).
/dev/rdisk5s1: ** QUICKCHECK ONLY; FILESYSTEM CLEAN
/dev/rdisk5s1: fsck_apfs completed at Sat Oct 11 03:09:23 2025


/dev/rdisk5s2: fsck_apfs started at Sat Oct 11 03:09:23 2025
/dev/rdisk5s2: ** Checking the container superblock.
/dev/rdisk5s2:    Checking the checkpoint with transaction ID 11183397.
/dev/rdisk5s2: ** Checking the object map.
/dev/rdisk5s2: ** Checking volume /dev/rdisk5s2.
/dev/rdisk5s2: ** Checking the APFS volume superblock.
/dev/rdisk5s2:    The volume Backups was formatted by storagekitd (2235.60.6) and last modified by apfs_kext (2632.0.84).
/dev/rdisk5s2: ** QUICKCHECK ONLY; FILESYSTEM CLEAN
/dev/rdisk5s2: fsck_apfs completed at Sat Oct 11 03:09:23 2025


/dev/rdisk5s2: fsck_apfs started at Sat Oct 11 03:10:45 2025
/dev/rdisk5s2: ** QUICKCHECK ONLY; FILESYSTEM CLEAN
/dev/rdisk5s2: fsck_apfs completed at Sat Oct 11 03:10:45 2025


/dev/rdisk3s3: fsck_apfs started at Sat Oct 11 03:35:19 2025
/dev/rdisk3s3: ** QUICKCHECK ONLY; FILESYSTEM CLEAN
/dev/rdisk3s3: fsck_apfs completed at Sat Oct 11 03:35:19 2025


/dev/rdisk3s3: fsck_apfs started at Sat Oct 11 03:53:13 2025
/dev/rdisk3s3: ** QUICKCHECK ONLY; FILESYSTEM CLEAN
/dev/rdisk3s3: fsck_apfs completed at Sat Oct 11 03:53:13 2025


/dev/rdisk5s1: fsck_apfs started at Sat Oct 11 04:55:11 2025
/dev/rdisk5s1: ** Checking the container superblock.
/dev/rdisk5s1:    Checking the checkpoint with transaction ID 11184146.
/dev/rdisk5s1: ** Checking the object map.
/dev/rdisk5s1: ** Checking volume /dev/rdisk5s1.
/dev/rdisk5s1: ** Checking the APFS volume superblock.
/dev/rdisk5s1:    The volume BACKUP was formatted by diskmanagementd (2142.61.2) and last modified by apfs_kext (2632.0.84).
/dev/rdisk5s1: ** QUICKCHECK ONLY; FILESYSTEM CLEAN
/dev/rdisk5s1: fsck_apfs completed at Sat Oct 11 04:55:11 2025


/dev/rdisk5s2: fsck_apfs started at Sat Oct 11 04:55:11 2025
/dev/rdisk5s2: ** Checking the container superblock.
/dev/rdisk5s2:    Checking the checkpoint with transaction ID 11184146.
/dev/rdisk5s2: ** Checking the object map.
/dev/rdisk5s2: ** Checking volume /dev/rdisk5s2.
/dev/rdisk5s2: ** Checking the APFS volume superblock.
/dev/rdisk5s2:    The volume Backups was formatted by storagekitd (2235.60.6) and last modified by apfs_kext (2632.0.84).
/dev/rdisk5s2: ** QUICKCHECK ONLY; FILESYSTEM CLEAN
/dev/rdisk5s2: fsck_apfs completed at Sat Oct 11 04:55:11 2025


/dev/rdisk5s2: fsck_apfs started at Sat Oct 11 04:55:21 2025
/dev/rdisk5s2: ** QUICKCHECK ONLY; FILESYSTEM CLEAN
/dev/rdisk5s2: fsck_apfs completed at Sat Oct 11 04:55:21 2025


/dev/rdisk11s1: fsck_apfs started at Sat Oct 11 05:50:28 2025
/dev/rdisk11s1: ** Checking the container superblock.
/dev/rdisk11s1:    Checking the checkpoint with transaction ID 612145.
/dev/rdisk11s1: ** Checking the object map.
/dev/rdisk11s1: ** Checking volume /dev/rdisk11s1.
/dev/rdisk11s1: ** Checking the APFS volume superblock.
/dev/rdisk11s1:    The volume Untitled was formatted by diskmanagementd (1412.141.1) and last modified by apfs_kext (2632.0.84).
/dev/rdisk11s1: ** QUICKCHECK ONLY; FILESYSTEM CLEAN
/dev/rdisk11s1: fsck_apfs completed at Sat Oct 11 05:50:28 2025


/dev/rdisk13s1: fsck_apfs started at Sat Oct 11 07:18:48 2025
/dev/rdisk13s1: ** Checking the container superblock.
/dev/rdisk13s1:    Checking the checkpoint with transaction ID 26098.
/dev/rdisk13s1: ** Checking the object map.
/dev/rdisk13s1: ** Checking volume /dev/rdisk13s1.
/dev/rdisk13s1: ** Checking the APFS volume superblock.
/dev/rdisk13s1:    The volume Backups of Loc’s MacBook Air was formatted by newfs_apfs (2632.0.84) and last modified by apfs_kext (2632.0.84).
/dev/rdisk13s1: ** QUICKCHECK ONLY; FILESYSTEM CLEAN
/dev/rdisk13s1: fsck_apfs completed at Sat Oct 11 07:18:49 2025


/dev/rdisk13s1: fsck_apfs started at Sat Oct 11 07:18:49 2025
/dev/rdisk13s1: ** Checking the container superblock.
/dev/rdisk13s1:    Checking the checkpoint with transaction ID 26098.
/dev/rdisk13s1: ** Checking the object map.
/dev/rdisk13s1: ** Checking volume /dev/rdisk13s1.
/dev/rdisk13s1: ** Checking the APFS volume superblock.
/dev/rdisk13s1:    The volume Backups of Loc’s MacBook Air was formatted by newfs_apfs (2632.0.84) and last modified by apfs_kext (2632.0.84).
/dev/rdisk13s1: ** QUICKCHECK ONLY; FILESYSTEM CLEAN
/dev/rdisk13s1: fsck_apfs completed at Sat Oct 11 07:18:50 2025


/dev/rdisk13s1: fsck_apfs started at Sat Oct 11 07:18:50 2025
/dev/rdisk13s1: ** Checking the container superblock.
/dev/rdisk13s1:    Checking the checkpoint with transaction ID 26098.
/dev/rdisk13s1: ** Checking the object map.
/dev/rdisk13s1: ** Checking volume /dev/rdisk13s1.
/dev/rdisk13s1: ** Checking the APFS volume superblock.
/dev/rdisk13s1:    The volume Backups of Loc’s MacBook Air was formatted by newfs_apfs (2632.0.84) and last modified by apfs_kext (2632.0.84).
/dev/rdisk13s1: ** QUICKCHECK ONLY; FILESYSTEM CLEAN
/dev/rdisk13s1: fsck_apfs completed at Sat Oct 11 07:18:50 2025


/dev/rdisk15s1: fsck_apfs started at Sat Oct 11 09:34:26 2025
/dev/rdisk15s1: ** Checking the container superblock.
/dev/rdisk15s1:    Checking the checkpoint with transaction ID 37.
/dev/rdisk15s1: ** Checking the object map.
/dev/rdisk15s1: ** Checking volume /dev/rdisk15s1.
/dev/rdisk15s1: ** Checking the APFS volume superblock.
/dev/rdisk15s1:    The volume AppCryptex was formatted by newfs_apfs (2142.41.2.100.2) and last modified by apfs_sealvolume (2632.0.84).
/dev/rdisk15s1: ** QUICKCHECK ONLY; FILESYSTEM CLEAN
/dev/rdisk15s1: fsck_apfs completed at Sat Oct 11 09:34:26 2025


/dev/rdisk15s1: fsck_apfs started at Sat Oct 11 09:34:26 2025
/dev/rdisk15s1: ** Checking the container superblock.
/dev/rdisk15s1:    Checking the checkpoint with transaction ID 37.
/dev/rdisk15s1: ** Checking the object map.
/dev/rdisk15s1: ** Checking volume /dev/rdisk15s1.
/dev/rdisk15s1: ** Checking the APFS volume superblock.
/dev/rdisk15s1:    The volume AppCryptex was formatted by newfs_apfs (2142.41.2.100.2) and last modified by apfs_sealvolume (2632.0.84).
/dev/rdisk15s1: ** QUICKCHECK ONLY; FILESYSTEM CLEAN
/dev/rdisk15s1: fsck_apfs completed at Sat Oct 11 09:34:26 2025


/dev/rdisk3s3: fsck_apfs started at Sat Oct 11 10:15:11 2025
/dev/rdisk3s3: ** QUICKCHECK ONLY; FILESYSTEM CLEAN
/dev/rdisk3s3: fsck_apfs completed at Sat Oct 11 10:15:11 2025



/dev/rdisk3s1: fsck_apfs started at Sat Oct 11 13:59:34 2025
/dev/rdisk2s1: fsck_apfs started at Sat Oct 11 13:59:34 2025

/dev/rdisk1s1: fsck_apfs started at Sat Oct 11 13:59:34 2025
/dev/rdisk1s1: error: container /dev/rdisk1 is mounted with write access; please re-run with -l.
/dev/rdisk1s1: fsck_apfs completed at Sat Oct 11 13:59:34 2025

/dev/rdisk3s1: ** QUICKCHECK ONLY; FILESYSTEM CLEAN
/dev/rdisk3s1: fsck_apfs completed at Sat Oct 11 13:59:34 2025

/dev/rdisk2s1: ** Checking the container superblock.
/dev/rdisk2s1:    Checking the checkpoint with transaction ID 17.
/dev/rdisk2s1: ** Checking the object map.
/dev/rdisk2s1: ** Checking volume /dev/rdisk2s1.
/dev/rdisk2s1: ** Checking the APFS volume superblock.
/dev/rdisk2s1:    The volume Recovery was formatted by newfs_apfs (2332.120.31.0.2) and last modified by apfs_kext (2332.120.31.0.2).
/dev/rdisk2s1: ** QUICKCHECK ONLY; FILESYSTEM CLEAN
/dev/rdisk2s1: fsck_apfs completed at Sat Oct 11 13:59:34 2025



/dev/rdisk3s2: fsck_apfs started at Sat Oct 11 13:59:34 2025
/dev/rdisk1s3: fsck_apfs started at Sat Oct 11 13:59:34 2025
/dev/rdisk1s3: error: container /dev/rdisk1 is mounted with write access; please re-run with -l.
/dev/rdisk1s3: fsck_apfs completed at Sat Oct 11 13:59:34 2025

/dev/rdisk3s2: error: container /dev/rdisk3 is mounted with write access; please re-run with -l.
/dev/rdisk3s2: fsck_apfs completed at Sat Oct 11 13:59:34 2025


/dev/rdisk2s2: fsck_apfs started at Sat Oct 11 13:59:34 2025
/dev/rdisk2s2: ** Checking the container superblock.
/dev/rdisk2s2:    Checking the checkpoint with transaction ID 17.
/dev/rdisk2s2: ** Checking the object map.
/dev/rdisk2s2: ** Checking volume /dev/rdisk2s2.
/dev/rdisk2s2: ** Checking the APFS volume superblock.
/dev/rdisk2s2:    The volume Update was formatted by com.apple.Mob (2332.120.31.0.2) and last modified by apfs_kext (2332.120.31.0.2).
/dev/rdisk2s2: ** QUICKCHECK ONLY; FILESYSTEM CLEAN
/dev/rdisk2s2: fsck_apfs completed at Sat Oct 11 13:59:34 2025


/dev/rdisk1s2: fsck_apfs started at Sat Oct 11 13:59:34 2025

/dev/rdisk3s3: fsck_apfs started at Sat Oct 11 13:59:34 2025
/dev/rdisk3s3: ** QUICKCHECK ONLY; FILESYSTEM CLEAN
/dev/rdisk3s3: fsck_apfs completed at Sat Oct 11 13:59:34 2025

/dev/rdisk1s2: error: container /dev/rdisk1 is mounted with write access; please re-run with -l.
/dev/rdisk1s2: fsck_apfs completed at Sat Oct 11 13:59:34 2025


/dev/rdisk3s4: fsck_apfs started at Sat Oct 11 13:59:34 2025
/dev/rdisk3s4: error: container /dev/rdisk3 is mounted with write access; please re-run with -l.
/dev/rdisk3s4: fsck_apfs completed at Sat Oct 11 13:59:34 2025


/dev/rdisk1s4: fsck_apfs started at Sat Oct 11 13:59:34 2025
/dev/rdisk1s4: ** QUICKCHECK ONLY; FILESYSTEM CLEAN
/dev/rdisk1s4: fsck_apfs completed at Sat Oct 11 13:59:34 2025


/dev/rdisk3s5: fsck_apfs started at Sat Oct 11 13:59:34 2025
/dev/rdisk3s5: error: container /dev/rdisk3 is mounted with write access; please re-run with -l.
/dev/rdisk3s5: fsck_apfs completed at Sat Oct 11 13:59:34 2025


/dev/rdisk3s6: fsck_apfs started at Sat Oct 11 13:59:34 2025
/dev/rdisk3s6: error: container /dev/rdisk3 is mounted with write access; please re-run with -l.
/dev/rdisk3s6: fsck_apfs completed at Sat Oct 11 13:59:34 2025


/dev/rdisk3s1s1: fsck_apfs started at Sat Oct 11 13:59:34 2025
/dev/rdisk3s1s1: ** QUICKCHECK ONLY; FILESYSTEM CLEAN
/dev/rdisk3s1s1: fsck_apfs completed at Sat Oct 11 13:59:34 2025


/dev/rdisk3s3: fsck_apfs started at Sat Oct 11 13:59:55 2025
/dev/rdisk3s3: ** QUICKCHECK ONLY; FILESYSTEM CLEAN
/dev/rdisk3s3: fsck_apfs completed at Sat Oct 11 13:59:55 2025


/dev/rdisk5s1: fsck_apfs started at Sat Oct 11 14:03:10 2025
/dev/rdisk5s1: ** Checking the container superblock.
/dev/rdisk5s1:    Checking the checkpoint with transaction ID 480.
/dev/rdisk5s1: ** Checking the object map.
/dev/rdisk5s1: ** Checking volume /dev/rdisk5s1.
/dev/rdisk5s1: ** Checking the APFS volume superblock.
/dev/rdisk5s1:    The volume iOS 26.0 Simulator was formatted by newfs_apfs (2142.41.2.100.2) and last modified by apfs_sealvolume (2632.2.1).
/dev/rdisk5s1: ** QUICKCHECK ONLY; FILESYSTEM CLEAN
/dev/rdisk5s1: fsck_apfs completed at Sat Oct 11 14:03:10 2025


/dev/rdisk7s1: fsck_apfs started at Sat Oct 11 16:55:22 2025
/dev/rdisk7s1: ** Checking the container superblock.
/dev/rdisk7s1:    Checking the checkpoint with transaction ID 612297.
/dev/rdisk7s1: ** Checking the object map.
/dev/rdisk7s1: ** Checking volume /dev/rdisk7s1.
/dev/rdisk7s1: ** Checking the APFS volume superblock.
/dev/rdisk7s1:    The volume Untitled was formatted by diskmanagementd (1412.141.1) and last modified by apfs_kext (2632.0.84).
/dev/rdisk7s1: ** QUICKCHECK ONLY; FILESYSTEM CLEAN
/dev/rdisk7s1: fsck_apfs completed at Sat Oct 11 16:55:22 2025


/dev/rdisk9s1: fsck_apfs started at Sat Oct 11 18:05:04 2025
/dev/rdisk9s1: ** Checking the container superblock.
/dev/rdisk9s1:    Checking the checkpoint with transaction ID 11185477.
/dev/rdisk9s1: ** Checking the object map.
/dev/rdisk9s1: ** Checking volume /dev/rdisk9s1.
/dev/rdisk9s1: ** Checking the APFS volume superblock.
/dev/rdisk9s1:    The volume BACKUP was formatted by diskmanagementd (2142.61.2) and last modified by apfs_kext (2632.0.84).
/dev/rdisk9s1: ** QUICKCHECK ONLY; FILESYSTEM CLEAN
/dev/rdisk9s1: fsck_apfs completed at Sat Oct 11 18:05:04 2025


/dev/rdisk9s2: fsck_apfs started at Sat Oct 11 18:05:04 2025
/dev/rdisk9s2: ** Checking the container superblock.
/dev/rdisk9s2:    Checking the checkpoint with transaction ID 11185477.
/dev/rdisk9s2: ** Checking the object map.
/dev/rdisk9s2: ** Checking volume /dev/rdisk9s2.
/dev/rdisk9s2: ** Checking the APFS volume superblock.
/dev/rdisk9s2:    The volume Backups was formatted by storagekitd (2235.60.6) and last modified by apfs_kext (2632.0.84).
/dev/rdisk9s2: ** QUICKCHECK ONLY; FILESYSTEM CLEAN
/dev/rdisk9s2: fsck_apfs completed at Sat Oct 11 18:05:04 2025


/dev/rdisk9s2: fsck_apfs started at Sat Oct 11 18:05:16 2025
/dev/rdisk9s2: ** QUICKCHECK ONLY; FILESYSTEM CLEAN
/dev/rdisk9s2: fsck_apfs completed at Sat Oct 11 18:05:16 2025


/dev/rdisk7s1: fsck_apfs started at Sat Oct 11 21:33:14 2025
/dev/rdisk7s1: ** Checking the container superblock.
/dev/rdisk7s1:    Checking the checkpoint with transaction ID 11187376.
/dev/rdisk7s1: ** Checking the object map.
/dev/rdisk7s1: ** Checking volume /dev/rdisk7s1.
/dev/rdisk7s1: ** Checking the APFS volume superblock.
/dev/rdisk7s1:    The volume BACKUP was formatted by diskmanagementd (2142.61.2) and last modified by apfs_kext (2632.0.84).
/dev/rdisk7s1: ** QUICKCHECK ONLY; FILESYSTEM CLEAN
/dev/rdisk7s1: fsck_apfs completed at Sat Oct 11 21:33:14 2025


/dev/rdisk7s2: fsck_apfs started at Sat Oct 11 21:33:14 2025
/dev/rdisk7s2: ** Checking the container superblock.
/dev/rdisk7s2:    Checking the checkpoint with transaction ID 11187376.
/dev/rdisk7s2: ** Checking the object map.
/dev/rdisk7s2: ** Checking volume /dev/rdisk7s2.
/dev/rdisk7s2: ** Checking the APFS volume superblock.
/dev/rdisk7s2:    The volume Backups was formatted by storagekitd (2235.60.6) and last modified by apfs_kext (2632.0.84).
/dev/rdisk7s2: ** QUICKCHECK ONLY; FILESYSTEM CLEAN
/dev/rdisk7s2: fsck_apfs completed at Sat Oct 11 21:33:14 2025


/dev/rdisk7s2: fsck_apfs started at Sat Oct 11 21:33:35 2025
/dev/rdisk7s2: ** QUICKCHECK ONLY; FILESYSTEM CLEAN
/dev/rdisk7s2: fsck_apfs completed at Sat Oct 11 21:33:35 2025


/dev/rdisk3s3: fsck_apfs started at Sun Oct 12 01:45:52 2025
/dev/rdisk3s3: ** QUICKCHECK ONLY; FILESYSTEM CLEAN
/dev/rdisk3s3: fsck_apfs completed at Sun Oct 12 01:45:52 2025




/dev/rdisk1s1: fsck_apfs started at Sun Oct 12 01:48:56 2025
/dev/rdisk2s2: fsck_apfs started at Sun Oct 12 01:48:56 2025
/dev/rdisk3s1: fsck_apfs started at Sun Oct 12 01:48:56 2025
/dev/rdisk1s1: error: container /dev/rdisk1 is mounted with write access; please re-run with -l.
/dev/rdisk1s1: fsck_apfs completed at Sun Oct 12 01:48:56 2025

/dev/rdisk3s1: ** QUICKCHECK ONLY; FILESYSTEM CLEAN
/dev/rdisk3s1: fsck_apfs completed at Sun Oct 12 01:48:56 2025

/dev/rdisk2s2: ** Checking the container superblock.
/dev/rdisk2s2:    Checking the checkpoint with transaction ID 17.
/dev/rdisk2s2: ** Checking the object map.
/dev/rdisk2s2: ** Checking volume /dev/rdisk2s2.
/dev/rdisk2s2: ** Checking the APFS volume superblock.
/dev/rdisk2s2:    The volume Update was formatted by com.apple.Mob (2332.120.31.0.2) and last modified by apfs_kext (2332.120.31.0.2).
/dev/rdisk2s2: ** QUICKCHECK ONLY; FILESYSTEM CLEAN
/dev/rdisk2s2: fsck_apfs completed at Sun Oct 12 01:48:56 2025


/dev/rdisk1s2: fsck_apfs started at Sun Oct 12 01:48:56 2025
/dev/rdisk1s2: error: container /dev/rdisk1 is mounted with write access; please re-run with -l.
/dev/rdisk1s2: fsck_apfs completed at Sun Oct 12 01:48:56 2025


/dev/rdisk3s2: fsck_apfs started at Sun Oct 12 01:48:56 2025
/dev/rdisk3s2: error: container /dev/rdisk3 is mounted with write access; please re-run with -l.
/dev/rdisk3s2: fsck_apfs completed at Sun Oct 12 01:48:56 2025


/dev/rdisk2s1: fsck_apfs started at Sun Oct 12 01:48:56 2025
/dev/rdisk2s1: ** Checking the container superblock.
/dev/rdisk2s1:    Checking the checkpoint with transaction ID 17.
/dev/rdisk2s1: ** Checking the object map.
/dev/rdisk2s1: ** Checking volume /dev/rdisk2s1.
/dev/rdisk2s1: ** Checking the APFS volume superblock.
/dev/rdisk2s1:    The volume Recovery was formatted by newfs_apfs (2332.120.31.0.2) and last modified by apfs_kext (2332.120.31.0.2).
/dev/rdisk2s1: ** QUICKCHECK ONLY; FILESYSTEM CLEAN
/dev/rdisk2s1: fsck_apfs completed at Sun Oct 12 01:48:56 2025


/dev/rdisk1s4: fsck_apfs started at Sun Oct 12 01:48:56 2025
/dev/rdisk1s4: ** QUICKCHECK ONLY; FILESYSTEM CLEAN
/dev/rdisk1s4: fsck_apfs completed at Sun Oct 12 01:48:56 2025


/dev/rdisk3s3: fsck_apfs started at Sun Oct 12 01:48:56 2025
/dev/rdisk3s3: ** QUICKCHECK ONLY; FILESYSTEM CLEAN
/dev/rdisk3s3: fsck_apfs completed at Sun Oct 12 01:48:56 2025


/dev/rdisk1s3: fsck_apfs started at Sun Oct 12 01:48:56 2025

/dev/rdisk3s4: fsck_apfs started at Sun Oct 12 01:48:56 2025
/dev/rdisk1s3: error: container /dev/rdisk1 is mounted with write access; please re-run with -l.
/dev/rdisk1s3: fsck_apfs completed at Sun Oct 12 01:48:56 2025

/dev/rdisk3s4: error: container /dev/rdisk3 is mounted with write access; please re-run with -l.
/dev/rdisk3s4: fsck_apfs completed at Sun Oct 12 01:48:56 2025


/dev/rdisk3s5: fsck_apfs started at Sun Oct 12 01:48:56 2025
/dev/rdisk3s5: error: container /dev/rdisk3 is mounted with write access; please re-run with -l.
/dev/rdisk3s5: fsck_apfs completed at Sun Oct 12 01:48:56 2025


/dev/rdisk3s6: fsck_apfs started at Sun Oct 12 01:48:56 2025
/dev/rdisk3s6: error: container /dev/rdisk3 is mounted with write access; please re-run with -l.
/dev/rdisk3s6: fsck_apfs completed at Sun Oct 12 01:48:56 2025


/dev/rdisk3s1s1: fsck_apfs started at Sun Oct 12 01:48:56 2025
/dev/rdisk3s1s1: ** QUICKCHECK ONLY; FILESYSTEM CLEAN
/dev/rdisk3s1s1: fsck_apfs completed at Sun Oct 12 01:48:56 2025


/dev/rdisk5s1: fsck_apfs started at Sun Oct 12 01:49:16 2025
/dev/rdisk5s1: ** Checking the container superblock.
/dev/rdisk5s1:    Checking the checkpoint with transaction ID 11188544.
/dev/rdisk5s1: ** Checking the object map.
/dev/rdisk5s1: ** Checking volume /dev/rdisk5s1.
/dev/rdisk5s1: ** Checking the APFS volume superblock.
/dev/rdisk5s1:    The volume BACKUP was formatted by diskmanagementd (2142.61.2) and last modified by apfs_kext (2632.0.84).
/dev/rdisk5s1: ** QUICKCHECK ONLY; FILESYSTEM CLEAN
/dev/rdisk5s1: fsck_apfs completed at Sun Oct 12 01:49:16 2025


/dev/rdisk5s2: fsck_apfs started at Sun Oct 12 01:49:16 2025
/dev/rdisk5s2: ** Checking the container superblock.
/dev/rdisk5s2:    Checking the checkpoint with transaction ID 11188544.
/dev/rdisk5s2: ** Checking the object map.
/dev/rdisk5s2: ** Checking volume /dev/rdisk5s2.
/dev/rdisk5s2: ** Checking the APFS volume superblock.
/dev/rdisk5s2:    The volume Backups was formatted by storagekitd (2235.60.6) and last modified by apfs_kext (2632.0.84).
/dev/rdisk5s2: ** QUICKCHECK ONLY; FILESYSTEM CLEAN
/dev/rdisk5s2: fsck_apfs completed at Sun Oct 12 01:49:16 2025


/dev/rdisk7s1: fsck_apfs started at Sun Oct 12 01:49:24 2025
/dev/rdisk7s1: ** Checking the container superblock.
/dev/rdisk7s1:    Checking the checkpoint with transaction ID 480.
/dev/rdisk7s1: ** Checking the object map.
/dev/rdisk7s1: ** Checking volume /dev/rdisk7s1.
/dev/rdisk7s1: ** Checking the APFS volume superblock.
/dev/rdisk7s1:    The volume iOS 26.0 Simulator was formatted by newfs_apfs (2142.41.2.100.2) and last modified by apfs_sealvolume (2632.2.1).
/dev/rdisk7s1: ** QUICKCHECK ONLY; FILESYSTEM CLEAN
/dev/rdisk7s1: fsck_apfs completed at Sun Oct 12 01:49:24 2025


/dev/rdisk3s3: fsck_apfs started at Sun Oct 12 01:50:59 2025
/dev/rdisk3s3: ** QUICKCHECK ONLY; FILESYSTEM CLEAN
/dev/rdisk3s3: fsck_apfs completed at Sun Oct 12 01:50:59 2025


/dev/rdisk5s1: fsck_apfs started at Sun Oct 12 02:09:12 2025
/dev/rdisk5s1: ** Checking the container superblock.
/dev/rdisk5s1:    Checking the checkpoint with transaction ID 11188548.
/dev/rdisk5s1: ** Checking the object map.
/dev/rdisk5s1: ** Checking volume /dev/rdisk5s1.
/dev/rdisk5s1: ** Checking the APFS volume superblock.
/dev/rdisk5s1:    The volume BACKUP was formatted by diskmanagementd (2142.61.2) and last modified by apfs_kext (2632.0.84).
/dev/rdisk5s1: ** QUICKCHECK ONLY; FILESYSTEM CLEAN
/dev/rdisk5s1: fsck_apfs completed at Sun Oct 12 02:09:12 2025


/dev/rdisk5s2: fsck_apfs started at Sun Oct 12 02:09:12 2025
/dev/rdisk5s2: ** Checking the container superblock.
/dev/rdisk5s2:    Checking the checkpoint with transaction ID 11188548.
/dev/rdisk5s2: ** Checking the object map.
/dev/rdisk5s2: ** Checking volume /dev/rdisk5s2.
/dev/rdisk5s2: ** Checking the APFS volume superblock.
/dev/rdisk5s2:    The volume Backups was formatted by storagekitd (2235.60.6) and last modified by apfs_kext (2632.0.84).
/dev/rdisk5s2: ** QUICKCHECK ONLY; FILESYSTEM CLEAN
/dev/rdisk5s2: fsck_apfs completed at Sun Oct 12 02:09:12 2025


/dev/rdisk5s2: fsck_apfs started at Sun Oct 12 02:09:24 2025
/dev/rdisk5s2: ** QUICKCHECK ONLY; FILESYSTEM CLEAN
/dev/rdisk5s2: fsck_apfs completed at Sun Oct 12 02:09:24 2025


/dev/rdisk5s1: fsck_apfs started at Sun Oct 12 05:51:24 2025
/dev/rdisk5s1: ** Checking the container superblock.
/dev/rdisk5s1:    Checking the checkpoint with transaction ID 612442.
/dev/rdisk5s1: ** Checking the object map.
/dev/rdisk5s1: ** Checking volume /dev/rdisk5s1.
/dev/rdisk5s1: ** Checking the APFS volume superblock.
/dev/rdisk5s1:    The volume Untitled was formatted by diskmanagementd (1412.141.1) and last modified by apfs_kext (2632.0.84).
/dev/rdisk5s1: ** QUICKCHECK ONLY; FILESYSTEM CLEAN
/dev/rdisk5s1: fsck_apfs completed at Sun Oct 12 05:51:24 2025


/dev/rdisk9s1: fsck_apfs started at Sun Oct 12 05:52:37 2025
/dev/rdisk9s1: ** Checking the container superblock.
/dev/rdisk9s1:    Checking the checkpoint with transaction ID 11188778.
/dev/rdisk9s1: ** Checking the object map.
/dev/rdisk9s1: ** Checking volume /dev/rdisk9s1.
/dev/rdisk9s1: ** Checking the APFS volume superblock.
/dev/rdisk9s1:    The volume BACKUP was formatted by diskmanagementd (2142.61.2) and last modified by apfs_kext (2632.0.84).
/dev/rdisk9s1: ** QUICKCHECK ONLY; FILESYSTEM CLEAN
/dev/rdisk9s1: fsck_apfs completed at Sun Oct 12 05:52:37 2025


/dev/rdisk9s2: fsck_apfs started at Sun Oct 12 05:52:37 2025
/dev/rdisk9s2: ** Checking the container superblock.
/dev/rdisk9s2:    Checking the checkpoint with transaction ID 11188778.
/dev/rdisk9s2: ** Checking the object map.
/dev/rdisk9s2: ** Checking volume /dev/rdisk9s2.
/dev/rdisk9s2: ** Checking the APFS volume superblock.
/dev/rdisk9s2:    The volume Backups was formatted by storagekitd (2235.60.6) and last modified by apfs_kext (2632.0.84).
/dev/rdisk9s2: ** QUICKCHECK ONLY; FILESYSTEM CLEAN
/dev/rdisk9s2: fsck_apfs completed at Sun Oct 12 05:52:37 2025


/dev/rdisk9s2: fsck_apfs started at Sun Oct 12 05:52:54 2025
/dev/rdisk9s2: ** QUICKCHECK ONLY; FILESYSTEM CLEAN
/dev/rdisk9s2: fsck_apfs completed at Sun Oct 12 05:52:54 2025


/dev/rdisk5s1: fsck_apfs started at Sun Oct 12 10:24:21 2025
/dev/rdisk5s1: ** Checking the container superblock.
/dev/rdisk5s1:    Checking the checkpoint with transaction ID 11189742.
/dev/rdisk5s1: ** Checking the object map.
/dev/rdisk5s1: ** Checking volume /dev/rdisk5s1.
/dev/rdisk5s1: ** Checking the APFS volume superblock.
/dev/rdisk5s1:    The volume BACKUP was formatted by diskmanagementd (2142.61.2) and last modified by apfs_kext (2632.0.84).
/dev/rdisk5s1: ** QUICKCHECK ONLY; FILESYSTEM CLEAN
/dev/rdisk5s1: fsck_apfs completed at Sun Oct 12 10:24:21 2025


/dev/rdisk5s2: fsck_apfs started at Sun Oct 12 10:24:21 2025
/dev/rdisk5s2: ** Checking the container superblock.
/dev/rdisk5s2:    Checking the checkpoint with transaction ID 11189742.
/dev/rdisk5s2: ** Checking the object map.
/dev/rdisk5s2: ** Checking volume /dev/rdisk5s2.
/dev/rdisk5s2: ** Checking the APFS volume superblock.
/dev/rdisk5s2:    The volume Backups was formatted by storagekitd (2235.60.6) and last modified by apfs_kext (2632.0.84).
/dev/rdisk5s2: ** QUICKCHECK ONLY; FILESYSTEM CLEAN
/dev/rdisk5s2: fsck_apfs completed at Sun Oct 12 10:24:21 2025


/dev/rdisk5s1: fsck_apfs started at Sun Oct 12 10:25:59 2025
/dev/rdisk5s1: ** Checking the container superblock.
/dev/rdisk5s1:    Checking the checkpoint with transaction ID 11189742.
/dev/rdisk5s1: ** Checking the object map.
/dev/rdisk5s1: ** Checking volume /dev/rdisk5s1.
/dev/rdisk5s1: ** Checking the APFS volume superblock.
/dev/rdisk5s1:    The volume BACKUP was formatted by diskmanagementd (2142.61.2) and last modified by apfs_kext (2632.0.84).
/dev/rdisk5s1: ** QUICKCHECK ONLY; FILESYSTEM CLEAN
/dev/rdisk5s1: fsck_apfs completed at Sun Oct 12 10:25:59 2025


/dev/rdisk5s2: fsck_apfs started at Sun Oct 12 10:25:59 2025
/dev/rdisk5s2: ** Checking the container superblock.
/dev/rdisk5s2:    Checking the checkpoint with transaction ID 11189742.
/dev/rdisk5s2: ** Checking the object map.
/dev/rdisk5s2: ** Checking volume /dev/rdisk5s2.
/dev/rdisk5s2: ** Checking the APFS volume superblock.
/dev/rdisk5s2:    The volume Backups was formatted by storagekitd (2235.60.6) and last modified by apfs_kext (2632.0.84).
/dev/rdisk5s2: ** QUICKCHECK ONLY; FILESYSTEM CLEAN
/dev/rdisk5s2: fsck_apfs completed at Sun Oct 12 10:25:59 2025


/dev/rdisk3s3: fsck_apfs started at Sun Oct 12 10:29:58 2025
/dev/rdisk3s3: ** QUICKCHECK ONLY; FILESYSTEM CLEAN
/dev/rdisk3s3: fsck_apfs completed at Sun Oct 12 10:29:58 2025


/dev/rdisk5s2: fsck_apfs started at Sun Oct 12 10:40:24 2025
/dev/rdisk5s2: ** QUICKCHECK ONLY; FILESYSTEM CLEAN
/dev/rdisk5s2: fsck_apfs completed at Sun Oct 12 10:40:24 2025


/dev/rdisk5s1: fsck_apfs started at Sun Oct 12 12:59:46 2025
/dev/rdisk5s1: ** Checking the container superblock.
/dev/rdisk5s1:    Checking the checkpoint with transaction ID 13.
/dev/rdisk5s1: ** Checking the object map.
/dev/rdisk5s1: ** Checking volume /dev/rdisk5s1.
/dev/rdisk5s1: ** Checking the APFS volume superblock.
/dev/rdisk5s1:    The volume MetalToolchainCryptex was formatted by newfs_apfs (2142.41.2.100.2) and last modified by apfs_sealvolume (2632.0.62.0.1).
/dev/rdisk5s1: ** QUICKCHECK ONLY; FILESYSTEM CLEAN
/dev/rdisk5s1: fsck_apfs completed at Sun Oct 12 12:59:46 2025


/dev/rdisk10s1: fsck_apfs started at Sun Oct 12 13:10:53 2025
/dev/rdisk10s1: ** Checking the container superblock.
/dev/rdisk10s1:    Checking the checkpoint with transaction ID 11189821.
/dev/rdisk10s1: ** Checking the object map.
/dev/rdisk10s1: ** Checking volume /dev/rdisk10s1.
/dev/rdisk10s1: ** Checking the APFS volume superblock.
/dev/rdisk10s1:    The volume BACKUP was formatted by diskmanagementd (2142.61.2) and last modified by apfs_kext (2632.0.84).
/dev/rdisk10s1: ** QUICKCHECK ONLY; FILESYSTEM CLEAN
/dev/rdisk10s1: fsck_apfs completed at Sun Oct 12 13:10:53 2025


/dev/rdisk10s2: fsck_apfs started at Sun Oct 12 13:10:53 2025
/dev/rdisk10s2: ** Checking the container superblock.
/dev/rdisk10s2:    Checking the checkpoint with transaction ID 11189821.
/dev/rdisk10s2: ** Checking the object map.
/dev/rdisk10s2: ** Checking volume /dev/rdisk10s2.
/dev/rdisk10s2: ** Checking the APFS volume superblock.
/dev/rdisk10s2:    The volume Backups was formatted by storagekitd (2235.60.6) and last modified by apfs_kext (2632.0.84).
/dev/rdisk10s2: ** QUICKCHECK ONLY; FILESYSTEM CLEAN
/dev/rdisk10s2: fsck_apfs completed at Sun Oct 12 13:10:53 2025


/dev/rdisk10s2: fsck_apfs started at Sun Oct 12 13:11:19 2025
/dev/rdisk10s2: ** QUICKCHECK ONLY; FILESYSTEM CLEAN
/dev/rdisk10s2: fsck_apfs completed at Sun Oct 12 13:11:19 2025


/dev/rdisk12s1: fsck_apfs started at Sun Oct 12 15:05:23 2025
/dev/rdisk12s1: ** Checking the container superblock.
/dev/rdisk12s1:    Checking the checkpoint with transaction ID 612498.
/dev/rdisk12s1: ** Checking the object map.
/dev/rdisk12s1: ** Checking volume /dev/rdisk12s1.
/dev/rdisk12s1: ** Checking the APFS volume superblock.
/dev/rdisk12s1:    The volume Untitled was formatted by diskmanagementd (1412.141.1) and last modified by apfs_kext (2632.0.84).
/dev/rdisk12s1: ** QUICKCHECK ONLY; FILESYSTEM CLEAN
/dev/rdisk12s1: fsck_apfs completed at Sun Oct 12 15:05:23 2025

