dev= uuid=1BCF6A19-3C93-4F25-BC82-F847D0FBF6BD vers=2632.0.84 default_ans=n result=0 fp=0 fl=-1 repairs=0 time=0 iter=1
fsck_apfs completed at Wed Oct  8 17:16:13 2025
dev= uuid=1BCF6A19-3C93-4F25-BC82-F847D0FBF6BD vers=2632.0.84 default_ans=n result=0 fp=0 fl=-1 repairs=0 time=0 iter=1
fsck_apfs completed at Wed Oct  8 17:16:13 2025
dev= uuid=1BCF6A19-3C93-4F25-BC82-F847D0FBF6BD vers=2632.0.84 default_ans=n result=0 fp=0 fl=-1 repairs=0 time=0 iter=1
fsck_apfs completed at Wed Oct  8 17:28:38 2025
dev= uuid=1BCF6A19-3C93-4F25-BC82-F847D0FBF6BD vers=2632.0.84 default_ans=n result=0 fp=0 fl=-1 repairs=0 time=0 iter=1
fsck_apfs completed at Wed Oct  8 17:28:38 2025
dev=/dev/rdisk1 uuid=00000000-0000-0000-0000-000000000000 vers=2632.0.84 default_ans=n result=65 fp=2 fl=156 repairs=0 time=0 iter=1
fsck_apfs completed at Wed Oct  8 17:43:00 2025
dev= uuid=00000000-0000-0000-0000-000000000000 vers=2632.0.84 default_ans=n result=0 fp=0 fl=-1 repairs=0 time=0 iter=1
fsck_apfs completed at Wed Oct  8 17:43:00 2025
dev= uuid=05FBF6EB-9155-42BE-9F4B-691B6A90F0F8 vers=2632.0.84 default_ans=n result=0 fp=0 fl=-1 repairs=0 time=0 iter=1
fsck_apfs completed at Wed Oct  8 17:43:00 2025
dev=/dev/rdisk1 uuid=00000000-0000-0000-0000-000000000000 vers=2632.0.84 default_ans=n result=65 fp=2 fl=156 repairs=0 time=0 iter=1
fsck_apfs completed at Wed Oct  8 17:43:00 2025
dev=/dev/rdisk3 uuid=00000000-0000-0000-0000-000000000000 vers=2632.0.84 default_ans=n result=65 fp=2 fl=156 repairs=0 time=0 iter=1
fsck_apfs completed at Wed Oct  8 17:43:00 2025
dev= uuid=05FBF6EB-9155-42BE-9F4B-691B6A90F0F8 vers=2632.0.84 default_ans=n result=0 fp=0 fl=-1 repairs=0 time=0 iter=1
fsck_apfs completed at Wed Oct  8 17:43:00 2025
dev=/dev/rdisk1 uuid=00000000-0000-0000-0000-000000000000 vers=2632.0.84 default_ans=n result=65 fp=2 fl=156 repairs=0 time=0 iter=1
fsck_apfs completed at Wed Oct  8 17:43:00 2025
dev= uuid=00000000-0000-0000-0000-000000000000 vers=2632.0.84 default_ans=n result=0 fp=0 fl=-1 repairs=0 time=0 iter=1
fsck_apfs completed at Wed Oct  8 17:43:00 2025
dev=/dev/rdisk3 uuid=00000000-0000-0000-0000-000000000000 vers=2632.0.84 default_ans=n result=65 fp=2 fl=156 repairs=0 time=0 iter=1
fsck_apfs completed at Wed Oct  8 17:43:00 2025
dev= uuid=00000000-0000-0000-0000-000000000000 vers=2632.0.84 default_ans=n result=0 fp=0 fl=-1 repairs=0 time=0 iter=1
fsck_apfs completed at Wed Oct  8 17:43:00 2025
dev=/dev/rdisk3 uuid=00000000-0000-0000-0000-000000000000 vers=2632.0.84 default_ans=n result=65 fp=2 fl=156 repairs=0 time=0 iter=1
fsck_apfs completed at Wed Oct  8 17:43:00 2025
dev=/dev/rdisk3 uuid=00000000-0000-0000-0000-000000000000 vers=2632.0.84 default_ans=n result=65 fp=2 fl=156 repairs=0 time=0 iter=1
fsck_apfs completed at Wed Oct  8 17:43:00 2025
dev= uuid=00000000-0000-0000-0000-000000000000 vers=2632.0.84 default_ans=n result=0 fp=0 fl=-1 repairs=0 time=0 iter=1
fsck_apfs completed at Wed Oct  8 17:43:00 2025
dev= uuid=00000000-0000-0000-0000-000000000000 vers=2632.0.84 default_ans=n result=0 fp=0 fl=-1 repairs=0 time=0 iter=1
fsck_apfs completed at Wed Oct  8 17:43:19 2025
dev=/dev/rdisk1 uuid=00000000-0000-0000-0000-000000000000 vers=2632.0.84 default_ans=n result=65 fp=2 fl=156 repairs=0 time=0 iter=1
fsck_apfs completed at Wed Oct  8 17:44:43 2025
dev= uuid=00000000-0000-0000-0000-000000000000 vers=2632.0.84 default_ans=n result=0 fp=0 fl=-1 repairs=0 time=0 iter=1
fsck_apfs completed at Wed Oct  8 17:44:43 2025
dev= uuid=05FBF6EB-9155-42BE-9F4B-691B6A90F0F8 vers=2632.0.84 default_ans=n result=0 fp=0 fl=-1 repairs=0 time=0 iter=1
fsck_apfs completed at Wed Oct  8 17:44:43 2025
dev=/dev/rdisk3 uuid=00000000-0000-0000-0000-000000000000 vers=2632.0.84 default_ans=n result=65 fp=2 fl=156 repairs=0 time=0 iter=1
fsck_apfs completed at Wed Oct  8 17:44:43 2025
dev=/dev/rdisk1 uuid=00000000-0000-0000-0000-000000000000 vers=2632.0.84 default_ans=n result=65 fp=2 fl=156 repairs=0 time=0 iter=1
fsck_apfs completed at Wed Oct  8 17:44:43 2025
dev= uuid=05FBF6EB-9155-42BE-9F4B-691B6A90F0F8 vers=2632.0.84 default_ans=n result=0 fp=0 fl=-1 repairs=0 time=0 iter=1
fsck_apfs completed at Wed Oct  8 17:44:43 2025
dev=/dev/rdisk3 uuid=00000000-0000-0000-0000-000000000000 vers=2632.0.84 default_ans=n result=65 fp=2 fl=156 repairs=0 time=0 iter=1
fsck_apfs completed at Wed Oct  8 17:44:43 2025
dev=/dev/rdisk1 uuid=00000000-0000-0000-0000-000000000000 vers=2632.0.84 default_ans=n result=65 fp=2 fl=156 repairs=0 time=0 iter=1
fsck_apfs completed at Wed Oct  8 17:44:43 2025
dev= uuid=00000000-0000-0000-0000-000000000000 vers=2632.0.84 default_ans=n result=0 fp=0 fl=-1 repairs=0 time=0 iter=1
fsck_apfs completed at Wed Oct  8 17:44:43 2025
dev= uuid=00000000-0000-0000-0000-000000000000 vers=2632.0.84 default_ans=n result=0 fp=0 fl=-1 repairs=0 time=0 iter=1
fsck_apfs completed at Wed Oct  8 17:44:43 2025
dev=/dev/rdisk3 uuid=00000000-0000-0000-0000-000000000000 vers=2632.0.84 default_ans=n result=65 fp=2 fl=156 repairs=0 time=0 iter=1
fsck_apfs completed at Wed Oct  8 17:44:43 2025
dev=/dev/rdisk3 uuid=00000000-0000-0000-0000-000000000000 vers=2632.0.84 default_ans=n result=65 fp=2 fl=156 repairs=0 time=0 iter=1
fsck_apfs completed at Wed Oct  8 17:44:43 2025
dev= uuid=00000000-0000-0000-0000-000000000000 vers=2632.0.84 default_ans=n result=0 fp=0 fl=-1 repairs=0 time=0 iter=1
fsck_apfs completed at Wed Oct  8 17:44:43 2025
dev= uuid=E71E168E-707A-4322-B3A5-BD65D9E28DCB vers=2632.0.84 default_ans=n result=0 fp=0 fl=-1 repairs=0 time=0 iter=1
fsck_apfs completed at Wed Oct  8 17:45:42 2025
dev= uuid=B1A3A2B0-0F50-47C9-A2DB-8B4A29C3376F vers=2632.0.84 default_ans=n result=0 fp=0 fl=-1 repairs=0 time=0 iter=1
fsck_apfs completed at Wed Oct  8 17:45:42 2025
dev= uuid=62BF4E44-3BE1-4FF4-A5F3-6C31A49C5769 vers=2632.0.84 default_ans=n result=0 fp=0 fl=-1 repairs=0 time=0 iter=1
fsck_apfs completed at Wed Oct  8 17:45:43 2025
dev= uuid=888F6596-CED7-4B84-AC53-11AC7C480BD0 vers=2632.0.84 default_ans=n result=0 fp=0 fl=-1 repairs=0 time=0 iter=1
fsck_apfs completed at Wed Oct  8 17:46:18 2025
dev= uuid=888F6596-CED7-4B84-AC53-11AC7C480BD0 vers=2632.0.84 default_ans=n result=0 fp=0 fl=-1 repairs=0 time=0 iter=1
fsck_apfs completed at Wed Oct  8 17:46:18 2025
dev= uuid=701B9980-903A-4D95-96B7-E411D7104E8F vers=2632.0.84 default_ans=n result=0 fp=0 fl=-1 repairs=0 time=0 iter=1
fsck_apfs completed at Wed Oct  8 17:46:18 2025
dev= uuid=701B9980-903A-4D95-96B7-E411D7104E8F vers=2632.0.84 default_ans=n result=0 fp=0 fl=-1 repairs=0 time=0 iter=1
fsck_apfs completed at Wed Oct  8 17:46:18 2025
dev= uuid=129B62FA-C027-4B66-A7C0-6841FD6D9890 vers=2632.0.84 default_ans=n result=0 fp=0 fl=-1 repairs=0 time=1 iter=1
fsck_apfs completed at Wed Oct  8 17:46:19 2025
dev= uuid=129B62FA-C027-4B66-A7C0-6841FD6D9890 vers=2632.0.84 default_ans=n result=0 fp=0 fl=-1 repairs=0 time=0 iter=1
fsck_apfs completed at Wed Oct  8 17:46:19 2025
dev= uuid=983E4D12-4161-4E57-9E93-97C2C947304C vers=2632.0.84 default_ans=n result=0 fp=0 fl=-1 repairs=0 time=0 iter=1
fsck_apfs completed at Wed Oct  8 17:46:19 2025
dev= uuid=983E4D12-4161-4E57-9E93-97C2C947304C vers=2632.0.84 default_ans=n result=0 fp=0 fl=-1 repairs=0 time=0 iter=1
fsck_apfs completed at Wed Oct  8 17:46:19 2025
dev= uuid=DD3A48C3-2F7F-4648-B1CC-FDAEA6D630BC vers=2632.0.84 default_ans=n result=0 fp=0 fl=-1 repairs=0 time=0 iter=1
fsck_apfs completed at Wed Oct  8 17:46:19 2025
dev= uuid=DD3A48C3-2F7F-4648-B1CC-FDAEA6D630BC vers=2632.0.84 default_ans=n result=0 fp=0 fl=-1 repairs=0 time=0 iter=1
fsck_apfs completed at Wed Oct  8 17:46:20 2025
dev= uuid=1F82834A-83DA-4BFA-97D0-1859759A6A6B vers=2632.0.84 default_ans=n result=0 fp=0 fl=-1 repairs=0 time=0 iter=1
fsck_apfs completed at Wed Oct  8 17:46:20 2025
dev= uuid=1F82834A-83DA-4BFA-97D0-1859759A6A6B vers=2632.0.84 default_ans=n result=0 fp=0 fl=-1 repairs=0 time=0 iter=1
fsck_apfs completed at Wed Oct  8 17:46:20 2025
dev= uuid=00000000-0000-0000-0000-000000000000 vers=2632.0.84 default_ans=n result=0 fp=0 fl=-1 repairs=0 time=0 iter=1
fsck_apfs completed at Wed Oct  8 17:46:36 2025
dev= uuid=1BCF6A19-3C93-4F25-BC82-F847D0FBF6BD vers=2632.0.84 default_ans=n result=0 fp=0 fl=-1 repairs=0 time=0 iter=1
fsck_apfs completed at Wed Oct  8 17:48:31 2025
dev= uuid=1BCF6A19-3C93-4F25-BC82-F847D0FBF6BD vers=2632.0.84 default_ans=n result=0 fp=0 fl=-1 repairs=0 time=0 iter=1
fsck_apfs completed at Wed Oct  8 17:48:31 2025
dev= uuid=00000000-0000-0000-0000-000000000000 vers=2632.0.84 default_ans=n result=0 fp=0 fl=-1 repairs=0 time=0 iter=1
fsck_apfs completed at Wed Oct  8 17:48:51 2025
dev= uuid=875FDC55-6088-4616-8E1E-11D0D05EC113 vers=2632.0.84 default_ans=n result=0 fp=0 fl=-1 repairs=0 time=0 iter=1
fsck_apfs completed at Wed Oct  8 17:51:43 2025
dev= uuid=875FDC55-6088-4616-8E1E-11D0D05EC113 vers=2632.0.84 default_ans=n result=0 fp=0 fl=-1 repairs=0 time=1 iter=1
fsck_apfs completed at Wed Oct  8 17:51:44 2025
dev= uuid=875FDC55-6088-4616-8E1E-11D0D05EC113 vers=2632.0.84 default_ans=n result=0 fp=0 fl=-1 repairs=0 time=0 iter=1
fsck_apfs completed at Wed Oct  8 17:51:44 2025
dev= uuid=BAA5AFA7-C6CE-4FE3-8B7C-5BAA5E12BF13 vers=2632.0.84 default_ans=n result=0 fp=0 fl=-1 repairs=0 time=0 iter=1
fsck_apfs completed at Thu Oct  9 01:09:20 2025
dev= uuid=1BCF6A19-3C93-4F25-BC82-F847D0FBF6BD vers=2632.0.84 default_ans=n result=0 fp=0 fl=-1 repairs=0 time=1 iter=1
fsck_apfs completed at Thu Oct  9 01:10:29 2025
dev= uuid=1BCF6A19-3C93-4F25-BC82-F847D0FBF6BD vers=2632.0.84 default_ans=n result=0 fp=0 fl=-1 repairs=0 time=0 iter=1
fsck_apfs completed at Thu Oct  9 01:10:29 2025
dev= uuid=00000000-0000-0000-0000-000000000000 vers=2632.0.84 default_ans=n result=0 fp=0 fl=-1 repairs=0 time=0 iter=1
fsck_apfs completed at Thu Oct  9 01:12:52 2025
dev= uuid=4395945E-86EA-414C-B09D-DFE3187C2522 vers=2632.0.84 default_ans=n result=0 fp=0 fl=-1 repairs=0 time=0 iter=1
fsck_apfs completed at Thu Oct  9 04:56:08 2025
dev= uuid=6A32D8EB-504F-41A7-9502-AC91EF4259BC vers=2632.0.84 default_ans=n result=0 fp=0 fl=-1 repairs=0 time=0 iter=1
fsck_apfs completed at Thu Oct  9 05:28:36 2025
dev= uuid=6A32D8EB-504F-41A7-9502-AC91EF4259BC vers=2632.0.84 default_ans=n result=0 fp=0 fl=-1 repairs=0 time=0 iter=1
fsck_apfs completed at Thu Oct  9 05:28:36 2025
dev= uuid=B1A3A2B0-0F50-47C9-A2DB-8B4A29C3376F vers=2632.0.84 default_ans=n result=0 fp=0 fl=-1 repairs=0 time=0 iter=1
fsck_apfs completed at Thu Oct  9 05:29:19 2025
dev= uuid=955E2676-2D1E-4101-9F0C-A68D9F49748F vers=2632.0.84 default_ans=n result=0 fp=0 fl=-1 repairs=0 time=0 iter=1
fsck_apfs completed at Thu Oct  9 05:29:59 2025
dev=/dev/rdisk1 uuid=00000000-0000-0000-0000-000000000000 vers=2632.0.84 default_ans=n result=65 fp=2 fl=156 repairs=0 time=0 iter=1
fsck_apfs completed at Thu Oct  9 06:52:37 2025
dev= uuid=00000000-0000-0000-0000-000000000000 vers=2632.0.84 default_ans=n result=0 fp=0 fl=-1 repairs=0 time=0 iter=1
fsck_apfs completed at Thu Oct  9 06:52:37 2025
dev= uuid=05FBF6EB-9155-42BE-9F4B-691B6A90F0F8 vers=2632.0.84 default_ans=n result=0 fp=0 fl=-1 repairs=0 time=0 iter=1
fsck_apfs completed at Thu Oct  9 06:52:37 2025
dev=/dev/rdisk1 uuid=00000000-0000-0000-0000-000000000000 vers=2632.0.84 default_ans=n result=65 fp=2 fl=156 repairs=0 time=0 iter=1
fsck_apfs completed at Thu Oct  9 06:52:37 2025
dev=/dev/rdisk3 uuid=00000000-0000-0000-0000-000000000000 vers=2632.0.84 default_ans=n result=65 fp=2 fl=156 repairs=0 time=0 iter=1
fsck_apfs completed at Thu Oct  9 06:52:37 2025
dev= uuid=05FBF6EB-9155-42BE-9F4B-691B6A90F0F8 vers=2632.0.84 default_ans=n result=0 fp=0 fl=-1 repairs=0 time=0 iter=1
fsck_apfs completed at Thu Oct  9 06:52:37 2025
dev=/dev/rdisk1 uuid=00000000-0000-0000-0000-000000000000 vers=2632.0.84 default_ans=n result=65 fp=2 fl=156 repairs=0 time=0 iter=1
fsck_apfs completed at Thu Oct  9 06:52:37 2025
dev= uuid=00000000-0000-0000-0000-000000000000 vers=2632.0.84 default_ans=n result=0 fp=0 fl=-1 repairs=0 time=0 iter=1
fsck_apfs completed at Thu Oct  9 06:52:37 2025
dev= uuid=00000000-0000-0000-0000-000000000000 vers=2632.0.84 default_ans=n result=0 fp=0 fl=-1 repairs=0 time=0 iter=1
fsck_apfs completed at Thu Oct  9 06:52:37 2025
dev=/dev/rdisk3 uuid=00000000-0000-0000-0000-000000000000 vers=2632.0.84 default_ans=n result=65 fp=2 fl=156 repairs=0 time=0 iter=1
fsck_apfs completed at Thu Oct  9 06:52:37 2025
dev=/dev/rdisk3 uuid=00000000-0000-0000-0000-000000000000 vers=2632.0.84 default_ans=n result=65 fp=2 fl=156 repairs=0 time=0 iter=1
fsck_apfs completed at Thu Oct  9 06:52:37 2025
dev=/dev/rdisk3 uuid=00000000-0000-0000-0000-000000000000 vers=2632.0.84 default_ans=n result=65 fp=2 fl=156 repairs=0 time=0 iter=1
fsck_apfs completed at Thu Oct  9 06:52:37 2025
dev= uuid=00000000-0000-0000-0000-000000000000 vers=2632.0.84 default_ans=n result=0 fp=0 fl=-1 repairs=0 time=0 iter=1
fsck_apfs completed at Thu Oct  9 06:52:37 2025
dev= uuid=00000000-0000-0000-0000-000000000000 vers=2632.0.84 default_ans=n result=0 fp=0 fl=-1 repairs=0 time=0 iter=1
fsck_apfs completed at Thu Oct  9 06:54:42 2025
dev= uuid=1BCF6A19-3C93-4F25-BC82-F847D0FBF6BD vers=2632.0.84 default_ans=n result=0 fp=0 fl=-1 repairs=0 time=0 iter=1
fsck_apfs completed at Thu Oct  9 07:13:06 2025
dev= uuid=1BCF6A19-3C93-4F25-BC82-F847D0FBF6BD vers=2632.0.84 default_ans=n result=0 fp=0 fl=-1 repairs=0 time=0 iter=1
fsck_apfs completed at Thu Oct  9 07:13:06 2025
dev= uuid=00000000-0000-0000-0000-000000000000 vers=2632.0.84 default_ans=n result=0 fp=0 fl=-1 repairs=0 time=0 iter=1
fsck_apfs completed at Thu Oct  9 07:16:30 2025
dev= uuid=3F801AD4-DF89-4C9D-839C-CA6376DE06BE vers=2632.0.84 default_ans=n result=0 fp=0 fl=-1 repairs=0 time=0 iter=1
fsck_apfs completed at Thu Oct  9 13:03:46 2025
dev= uuid=3F801AD4-DF89-4C9D-839C-CA6376DE06BE vers=2632.0.84 default_ans=n result=0 fp=0 fl=-1 repairs=0 time=0 iter=1
fsck_apfs completed at Thu Oct  9 13:03:46 2025
dev= uuid=62BF4E44-3BE1-4FF4-A5F3-6C31A49C5769 vers=2632.0.84 default_ans=n result=0 fp=0 fl=-1 repairs=0 time=0 iter=1
fsck_apfs completed at Thu Oct  9 14:11:53 2025
dev= uuid=955E2676-2D1E-4101-9F0C-A68D9F49748F vers=2632.0.84 default_ans=n result=0 fp=0 fl=-1 repairs=0 time=0 iter=1
fsck_apfs completed at Thu Oct  9 14:11:56 2025
dev= uuid=1BCF6A19-3C93-4F25-BC82-F847D0FBF6BD vers=2632.0.84 default_ans=n result=0 fp=0 fl=-1 repairs=0 time=0 iter=1
fsck_apfs completed at Sat Oct 11 03:09:23 2025
dev= uuid=1BCF6A19-3C93-4F25-BC82-F847D0FBF6BD vers=2632.0.84 default_ans=n result=0 fp=0 fl=-1 repairs=0 time=0 iter=1
fsck_apfs completed at Sat Oct 11 03:09:23 2025
dev= uuid=00000000-0000-0000-0000-000000000000 vers=2632.0.84 default_ans=n result=0 fp=0 fl=-1 repairs=0 time=0 iter=1
fsck_apfs completed at Sat Oct 11 03:10:45 2025
dev= uuid=00000000-0000-0000-0000-000000000000 vers=2632.0.84 default_ans=n result=0 fp=0 fl=-1 repairs=0 time=0 iter=1
fsck_apfs completed at Sat Oct 11 03:35:19 2025
dev= uuid=00000000-0000-0000-0000-000000000000 vers=2632.0.84 default_ans=n result=0 fp=0 fl=-1 repairs=0 time=0 iter=1
fsck_apfs completed at Sat Oct 11 03:53:13 2025
dev= uuid=1BCF6A19-3C93-4F25-BC82-F847D0FBF6BD vers=2632.0.84 default_ans=n result=0 fp=0 fl=-1 repairs=0 time=0 iter=1
fsck_apfs completed at Sat Oct 11 04:55:11 2025
dev= uuid=1BCF6A19-3C93-4F25-BC82-F847D0FBF6BD vers=2632.0.84 default_ans=n result=0 fp=0 fl=-1 repairs=0 time=0 iter=1
fsck_apfs completed at Sat Oct 11 04:55:11 2025
dev= uuid=00000000-0000-0000-0000-000000000000 vers=2632.0.84 default_ans=n result=0 fp=0 fl=-1 repairs=0 time=0 iter=1
fsck_apfs completed at Sat Oct 11 04:55:21 2025
dev= uuid=BAA5AFA7-C6CE-4FE3-8B7C-5BAA5E12BF13 vers=2632.0.84 default_ans=n result=0 fp=0 fl=-1 repairs=0 time=0 iter=1
fsck_apfs completed at Sat Oct 11 05:50:28 2025
dev= uuid=875FDC55-6088-4616-8E1E-11D0D05EC113 vers=2632.0.84 default_ans=n result=0 fp=0 fl=-1 repairs=0 time=1 iter=1
fsck_apfs completed at Sat Oct 11 07:18:49 2025
dev= uuid=875FDC55-6088-4616-8E1E-11D0D05EC113 vers=2632.0.84 default_ans=n result=0 fp=0 fl=-1 repairs=0 time=1 iter=1
fsck_apfs completed at Sat Oct 11 07:18:50 2025
dev= uuid=875FDC55-6088-4616-8E1E-11D0D05EC113 vers=2632.0.84 default_ans=n result=0 fp=0 fl=-1 repairs=0 time=0 iter=1
fsck_apfs completed at Sat Oct 11 07:18:50 2025
dev= uuid=7AC4FABE-9C4C-403A-BF75-EF66BB818CA3 vers=2632.0.84 default_ans=n result=0 fp=0 fl=-1 repairs=0 time=0 iter=1
fsck_apfs completed at Sat Oct 11 09:34:26 2025
dev= uuid=7AC4FABE-9C4C-403A-BF75-EF66BB818CA3 vers=2632.0.84 default_ans=n result=0 fp=0 fl=-1 repairs=0 time=0 iter=1
fsck_apfs completed at Sat Oct 11 09:34:26 2025
dev= uuid=00000000-0000-0000-0000-000000000000 vers=2632.0.84 default_ans=n result=0 fp=0 fl=-1 repairs=0 time=0 iter=1
fsck_apfs completed at Sat Oct 11 10:15:11 2025
dev=/dev/rdisk1 uuid=00000000-0000-0000-0000-000000000000 vers=2632.0.84 default_ans=n result=65 fp=2 fl=156 repairs=0 time=0 iter=1
fsck_apfs completed at Sat Oct 11 13:59:34 2025
dev= uuid=00000000-0000-0000-0000-000000000000 vers=2632.0.84 default_ans=n result=0 fp=0 fl=-1 repairs=0 time=0 iter=1
fsck_apfs completed at Sat Oct 11 13:59:34 2025
dev= uuid=05FBF6EB-9155-42BE-9F4B-691B6A90F0F8 vers=2632.0.84 default_ans=n result=0 fp=0 fl=-1 repairs=0 time=0 iter=1
fsck_apfs completed at Sat Oct 11 13:59:34 2025
dev=/dev/rdisk1 uuid=00000000-0000-0000-0000-000000000000 vers=2632.0.84 default_ans=n result=65 fp=2 fl=156 repairs=0 time=0 iter=1
fsck_apfs completed at Sat Oct 11 13:59:34 2025
dev=/dev/rdisk3 uuid=00000000-0000-0000-0000-000000000000 vers=2632.0.84 default_ans=n result=65 fp=2 fl=156 repairs=0 time=0 iter=1
fsck_apfs completed at Sat Oct 11 13:59:34 2025
dev= uuid=05FBF6EB-9155-42BE-9F4B-691B6A90F0F8 vers=2632.0.84 default_ans=n result=0 fp=0 fl=-1 repairs=0 time=0 iter=1
fsck_apfs completed at Sat Oct 11 13:59:34 2025
dev= uuid=00000000-0000-0000-0000-000000000000 vers=2632.0.84 default_ans=n result=0 fp=0 fl=-1 repairs=0 time=0 iter=1
fsck_apfs completed at Sat Oct 11 13:59:34 2025
dev=/dev/rdisk1 uuid=00000000-0000-0000-0000-000000000000 vers=2632.0.84 default_ans=n result=65 fp=2 fl=156 repairs=0 time=0 iter=1
fsck_apfs completed at Sat Oct 11 13:59:34 2025
dev=/dev/rdisk3 uuid=00000000-0000-0000-0000-000000000000 vers=2632.0.84 default_ans=n result=65 fp=2 fl=156 repairs=0 time=0 iter=1
fsck_apfs completed at Sat Oct 11 13:59:34 2025
dev= uuid=00000000-0000-0000-0000-000000000000 vers=2632.0.84 default_ans=n result=0 fp=0 fl=-1 repairs=0 time=0 iter=1
fsck_apfs completed at Sat Oct 11 13:59:34 2025
dev=/dev/rdisk3 uuid=00000000-0000-0000-0000-000000000000 vers=2632.0.84 default_ans=n result=65 fp=2 fl=156 repairs=0 time=0 iter=1
fsck_apfs completed at Sat Oct 11 13:59:34 2025
dev=/dev/rdisk3 uuid=00000000-0000-0000-0000-000000000000 vers=2632.0.84 default_ans=n result=65 fp=2 fl=156 repairs=0 time=0 iter=1
fsck_apfs completed at Sat Oct 11 13:59:34 2025
dev= uuid=00000000-0000-0000-0000-000000000000 vers=2632.0.84 default_ans=n result=0 fp=0 fl=-1 repairs=0 time=0 iter=1
fsck_apfs completed at Sat Oct 11 13:59:34 2025
dev= uuid=00000000-0000-0000-0000-000000000000 vers=2632.0.84 default_ans=n result=0 fp=0 fl=-1 repairs=0 time=0 iter=1
fsck_apfs completed at Sat Oct 11 13:59:55 2025
dev= uuid=62BF4E44-3BE1-4FF4-A5F3-6C31A49C5769 vers=2632.0.84 default_ans=n result=0 fp=0 fl=-1 repairs=0 time=0 iter=1
fsck_apfs completed at Sat Oct 11 14:03:10 2025
dev= uuid=BAA5AFA7-C6CE-4FE3-8B7C-5BAA5E12BF13 vers=2632.0.84 default_ans=n result=0 fp=0 fl=-1 repairs=0 time=0 iter=1
fsck_apfs completed at Sat Oct 11 16:55:22 2025
dev= uuid=1BCF6A19-3C93-4F25-BC82-F847D0FBF6BD vers=2632.0.84 default_ans=n result=0 fp=0 fl=-1 repairs=0 time=0 iter=1
fsck_apfs completed at Sat Oct 11 18:05:04 2025
dev= uuid=1BCF6A19-3C93-4F25-BC82-F847D0FBF6BD vers=2632.0.84 default_ans=n result=0 fp=0 fl=-1 repairs=0 time=0 iter=1
fsck_apfs completed at Sat Oct 11 18:05:04 2025
dev= uuid=00000000-0000-0000-0000-000000000000 vers=2632.0.84 default_ans=n result=0 fp=0 fl=-1 repairs=0 time=0 iter=1
fsck_apfs completed at Sat Oct 11 18:05:16 2025
dev= uuid=1BCF6A19-3C93-4F25-BC82-F847D0FBF6BD vers=2632.0.84 default_ans=n result=0 fp=0 fl=-1 repairs=0 time=0 iter=1
fsck_apfs completed at Sat Oct 11 21:33:14 2025
dev= uuid=1BCF6A19-3C93-4F25-BC82-F847D0FBF6BD vers=2632.0.84 default_ans=n result=0 fp=0 fl=-1 repairs=0 time=0 iter=1
fsck_apfs completed at Sat Oct 11 21:33:14 2025
dev= uuid=00000000-0000-0000-0000-000000000000 vers=2632.0.84 default_ans=n result=0 fp=0 fl=-1 repairs=0 time=0 iter=1
fsck_apfs completed at Sat Oct 11 21:33:35 2025
dev= uuid=00000000-0000-0000-0000-000000000000 vers=2632.0.84 default_ans=n result=0 fp=0 fl=-1 repairs=0 time=0 iter=1
fsck_apfs completed at Sun Oct 12 01:45:52 2025
dev=/dev/rdisk1 uuid=00000000-0000-0000-0000-000000000000 vers=2632.0.84 default_ans=n result=65 fp=2 fl=156 repairs=0 time=0 iter=1
fsck_apfs completed at Sun Oct 12 01:48:56 2025
dev= uuid=00000000-0000-0000-0000-000000000000 vers=2632.0.84 default_ans=n result=0 fp=0 fl=-1 repairs=0 time=0 iter=1
fsck_apfs completed at Sun Oct 12 01:48:56 2025
dev= uuid=05FBF6EB-9155-42BE-9F4B-691B6A90F0F8 vers=2632.0.84 default_ans=n result=0 fp=0 fl=-1 repairs=0 time=0 iter=1
fsck_apfs completed at Sun Oct 12 01:48:56 2025
dev=/dev/rdisk1 uuid=00000000-0000-0000-0000-000000000000 vers=2632.0.84 default_ans=n result=65 fp=2 fl=156 repairs=0 time=0 iter=1
fsck_apfs completed at Sun Oct 12 01:48:56 2025
dev=/dev/rdisk3 uuid=00000000-0000-0000-0000-000000000000 vers=2632.0.84 default_ans=n result=65 fp=2 fl=156 repairs=0 time=0 iter=1
fsck_apfs completed at Sun Oct 12 01:48:56 2025
dev= uuid=05FBF6EB-9155-42BE-9F4B-691B6A90F0F8 vers=2632.0.84 default_ans=n result=0 fp=0 fl=-1 repairs=0 time=0 iter=1
fsck_apfs completed at Sun Oct 12 01:48:56 2025
dev= uuid=00000000-0000-0000-0000-000000000000 vers=2632.0.84 default_ans=n result=0 fp=0 fl=-1 repairs=0 time=0 iter=1
fsck_apfs completed at Sun Oct 12 01:48:56 2025
dev= uuid=00000000-0000-0000-0000-000000000000 vers=2632.0.84 default_ans=n result=0 fp=0 fl=-1 repairs=0 time=0 iter=1
fsck_apfs completed at Sun Oct 12 01:48:56 2025
dev=/dev/rdisk1 uuid=00000000-0000-0000-0000-000000000000 vers=2632.0.84 default_ans=n result=65 fp=2 fl=156 repairs=0 time=0 iter=1
fsck_apfs completed at Sun Oct 12 01:48:56 2025
dev=/dev/rdisk3 uuid=00000000-0000-0000-0000-000000000000 vers=2632.0.84 default_ans=n result=65 fp=2 fl=156 repairs=0 time=0 iter=1
fsck_apfs completed at Sun Oct 12 01:48:56 2025
dev=/dev/rdisk3 uuid=00000000-0000-0000-0000-000000000000 vers=2632.0.84 default_ans=n result=65 fp=2 fl=156 repairs=0 time=0 iter=1
fsck_apfs completed at Sun Oct 12 01:48:56 2025
dev=/dev/rdisk3 uuid=00000000-0000-0000-0000-000000000000 vers=2632.0.84 default_ans=n result=65 fp=2 fl=156 repairs=0 time=0 iter=1
fsck_apfs completed at Sun Oct 12 01:48:56 2025
dev= uuid=00000000-0000-0000-0000-000000000000 vers=2632.0.84 default_ans=n result=0 fp=0 fl=-1 repairs=0 time=0 iter=1
fsck_apfs completed at Sun Oct 12 01:48:56 2025
dev= uuid=1BCF6A19-3C93-4F25-BC82-F847D0FBF6BD vers=2632.0.84 default_ans=n result=0 fp=0 fl=-1 repairs=0 time=0 iter=1
fsck_apfs completed at Sun Oct 12 01:49:16 2025
dev= uuid=1BCF6A19-3C93-4F25-BC82-F847D0FBF6BD vers=2632.0.84 default_ans=n result=0 fp=0 fl=-1 repairs=0 time=0 iter=1
fsck_apfs completed at Sun Oct 12 01:49:16 2025
dev= uuid=62BF4E44-3BE1-4FF4-A5F3-6C31A49C5769 vers=2632.0.84 default_ans=n result=0 fp=0 fl=-1 repairs=0 time=0 iter=1
fsck_apfs completed at Sun Oct 12 01:49:24 2025
dev= uuid=00000000-0000-0000-0000-000000000000 vers=2632.0.84 default_ans=n result=0 fp=0 fl=-1 repairs=0 time=0 iter=1
fsck_apfs completed at Sun Oct 12 01:50:59 2025
dev= uuid=1BCF6A19-3C93-4F25-BC82-F847D0FBF6BD vers=2632.0.84 default_ans=n result=0 fp=0 fl=-1 repairs=0 time=0 iter=1
fsck_apfs completed at Sun Oct 12 02:09:12 2025
dev= uuid=1BCF6A19-3C93-4F25-BC82-F847D0FBF6BD vers=2632.0.84 default_ans=n result=0 fp=0 fl=-1 repairs=0 time=0 iter=1
fsck_apfs completed at Sun Oct 12 02:09:12 2025
dev= uuid=00000000-0000-0000-0000-000000000000 vers=2632.0.84 default_ans=n result=0 fp=0 fl=-1 repairs=0 time=0 iter=1
fsck_apfs completed at Sun Oct 12 02:09:24 2025
dev= uuid=BAA5AFA7-C6CE-4FE3-8B7C-5BAA5E12BF13 vers=2632.0.84 default_ans=n result=0 fp=0 fl=-1 repairs=0 time=0 iter=1
fsck_apfs completed at Sun Oct 12 05:51:24 2025
dev= uuid=1BCF6A19-3C93-4F25-BC82-F847D0FBF6BD vers=2632.0.84 default_ans=n result=0 fp=0 fl=-1 repairs=0 time=0 iter=1
fsck_apfs completed at Sun Oct 12 05:52:37 2025
dev= uuid=1BCF6A19-3C93-4F25-BC82-F847D0FBF6BD vers=2632.0.84 default_ans=n result=0 fp=0 fl=-1 repairs=0 time=0 iter=1
fsck_apfs completed at Sun Oct 12 05:52:37 2025
dev= uuid=00000000-0000-0000-0000-000000000000 vers=2632.0.84 default_ans=n result=0 fp=0 fl=-1 repairs=0 time=0 iter=1
fsck_apfs completed at Sun Oct 12 05:52:54 2025
dev= uuid=1BCF6A19-3C93-4F25-BC82-F847D0FBF6BD vers=2632.0.84 default_ans=n result=0 fp=0 fl=-1 repairs=0 time=0 iter=1
fsck_apfs completed at Sun Oct 12 10:24:21 2025
dev= uuid=1BCF6A19-3C93-4F25-BC82-F847D0FBF6BD vers=2632.0.84 default_ans=n result=0 fp=0 fl=-1 repairs=0 time=0 iter=1
fsck_apfs completed at Sun Oct 12 10:24:21 2025
dev= uuid=1BCF6A19-3C93-4F25-BC82-F847D0FBF6BD vers=2632.0.84 default_ans=n result=0 fp=0 fl=-1 repairs=0 time=0 iter=1
fsck_apfs completed at Sun Oct 12 10:25:59 2025
dev= uuid=1BCF6A19-3C93-4F25-BC82-F847D0FBF6BD vers=2632.0.84 default_ans=n result=0 fp=0 fl=-1 repairs=0 time=0 iter=1
fsck_apfs completed at Sun Oct 12 10:25:59 2025
dev= uuid=00000000-0000-0000-0000-000000000000 vers=2632.0.84 default_ans=n result=0 fp=0 fl=-1 repairs=0 time=0 iter=1
fsck_apfs completed at Sun Oct 12 10:29:58 2025
dev= uuid=00000000-0000-0000-0000-000000000000 vers=2632.0.84 default_ans=n result=0 fp=0 fl=-1 repairs=0 time=0 iter=1
fsck_apfs completed at Sun Oct 12 10:40:24 2025
dev= uuid=955E2676-2D1E-4101-9F0C-A68D9F49748F vers=2632.0.84 default_ans=n result=0 fp=0 fl=-1 repairs=0 time=0 iter=1
fsck_apfs completed at Sun Oct 12 12:59:46 2025
dev= uuid=1BCF6A19-3C93-4F25-BC82-F847D0FBF6BD vers=2632.0.84 default_ans=n result=0 fp=0 fl=-1 repairs=0 time=0 iter=1
fsck_apfs completed at Sun Oct 12 13:10:53 2025
dev= uuid=1BCF6A19-3C93-4F25-BC82-F847D0FBF6BD vers=2632.0.84 default_ans=n result=0 fp=0 fl=-1 repairs=0 time=0 iter=1
fsck_apfs completed at Sun Oct 12 13:10:53 2025
dev= uuid=00000000-0000-0000-0000-000000000000 vers=2632.0.84 default_ans=n result=0 fp=0 fl=-1 repairs=0 time=0 iter=1
fsck_apfs completed at Sun Oct 12 13:11:19 2025
dev= uuid=BAA5AFA7-C6CE-4FE3-8B7C-5BAA5E12BF13 vers=2632.0.84 default_ans=n result=0 fp=0 fl=-1 repairs=0 time=0 iter=1
fsck_apfs completed at Sun Oct 12 15:05:23 2025
